{"/Users/mac/Desktop/作业/代码/第六周周六9.6作业-自己搭建SPA/red-packet-spa-web/src/components/WalletConnect.tsx": {"path":"/Users/mac/Desktop/作业/代码/第六周周六9.6作业-自己搭建SPA/red-packet-spa-web/src/components/WalletConnect.tsx","statementMap":{"0":{"start":{"line":355,"column":0},"end":{"line":355,"column":15}},"1":{"start":{"line":1,"column":43},"end":{"line":1,"column":null}},"2":{"start":{"line":11,"column":7},"end":{"line":11,"column":null}},"3":{"start":{"line":18,"column":7},"end":{"line":18,"column":null}},"4":{"start":{"line":19,"column":21},"end":{"line":19,"column":null}},"5":{"start":{"line":20,"column":21},"end":{"line":20,"column":null}},"6":{"start":{"line":21,"column":20},"end":{"line":21,"column":null}},"7":{"start":{"line":22,"column":24},"end":{"line":22,"column":null}},"8":{"start":{"line":38,"column":25},"end":{"line":51,"column":null}},"9":{"start":{"line":53,"column":52},"end":{"line":353,"column":null}},"10":{"start":{"line":59,"column":32},"end":{"line":59,"column":null}},"11":{"start":{"line":60,"column":56},"end":{"line":60,"column":null}},"12":{"start":{"line":61,"column":56},"end":{"line":61,"column":null}},"13":{"start":{"line":62,"column":40},"end":{"line":62,"column":null}},"14":{"start":{"line":64,"column":35},"end":{"line":64,"column":null}},"15":{"start":{"line":65,"column":59},"end":{"line":65,"column":null}},"16":{"start":{"line":66,"column":25},"end":{"line":66,"column":null}},"17":{"start":{"line":67,"column":28},"end":{"line":67,"column":null}},"18":{"start":{"line":68,"column":2},"end":{"line":68,"column":null}},"19":{"start":{"line":69,"column":30},"end":{"line":69,"column":null}},"20":{"start":{"line":70,"column":2},"end":{"line":70,"column":null}},"21":{"start":{"line":71,"column":28},"end":{"line":71,"column":null}},"22":{"start":{"line":72,"column":26},"end":{"line":72,"column":null}},"23":{"start":{"line":73,"column":18},"end":{"line":73,"column":null}},"24":{"start":{"line":82,"column":6},"end":{"line":82,"column":null}},"25":{"start":{"line":84,"column":2},"end":{"line":84,"column":null}},"26":{"start":{"line":85,"column":2},"end":{"line":85,"column":null}},"27":{"start":{"line":86,"column":2},"end":{"line":86,"column":null}},"28":{"start":{"line":87,"column":2},"end":{"line":87,"column":null}},"29":{"start":{"line":89,"column":2},"end":{"line":91,"column":null}},"30":{"start":{"line":90,"column":4},"end":{"line":90,"column":null}},"31":{"start":{"line":94,"column":2},"end":{"line":110,"column":null}},"32":{"start":{"line":95,"column":17},"end":{"line":107,"column":null}},"33":{"start":{"line":96,"column":6},"end":{"line":106,"column":null}},"34":{"start":{"line":97,"column":8},"end":{"line":105,"column":null}},"35":{"start":{"line":98,"column":10},"end":{"line":98,"column":null}},"36":{"start":{"line":99,"column":26},"end":{"line":99,"column":null}},"37":{"start":{"line":100,"column":10},"end":{"line":102,"column":null}},"38":{"start":{"line":101,"column":12},"end":{"line":101,"column":null}},"39":{"start":{"line":104,"column":10},"end":{"line":104,"column":null}},"40":{"start":{"line":109,"column":4},"end":{"line":109,"column":null}},"41":{"start":{"line":113,"column":2},"end":{"line":117,"column":null}},"42":{"start":{"line":114,"column":4},"end":{"line":116,"column":null}},"43":{"start":{"line":115,"column":6},"end":{"line":115,"column":null}},"44":{"start":{"line":119,"column":23},"end":{"line":119,"column":98}},"45":{"start":{"line":119,"column":54},"end":{"line":119,"column":79}},"46":{"start":{"line":121,"column":24},"end":{"line":121,"column":83}},"47":{"start":{"line":121,"column":42},"end":{"line":121,"column":83}},"48":{"start":{"line":123,"column":24},"end":{"line":127,"column":null}},"49":{"start":{"line":124,"column":4},"end":{"line":124,"column":null}},"50":{"start":{"line":124,"column":12},"end":{"line":124,"column":null}},"51":{"start":{"line":125,"column":14},"end":{"line":125,"column":null}},"52":{"start":{"line":126,"column":4},"end":{"line":126,"column":null}},"53":{"start":{"line":129,"column":28},"end":{"line":138,"column":null}},"54":{"start":{"line":130,"column":4},"end":{"line":130,"column":null}},"55":{"start":{"line":130,"column":18},"end":{"line":130,"column":null}},"56":{"start":{"line":131,"column":4},"end":{"line":137,"column":null}},"57":{"start":{"line":132,"column":6},"end":{"line":132,"column":null}},"58":{"start":{"line":133,"column":6},"end":{"line":133,"column":null}},"59":{"start":{"line":134,"column":6},"end":{"line":134,"column":null}},"60":{"start":{"line":134,"column":23},"end":{"line":134,"column":46}},"61":{"start":{"line":136,"column":6},"end":{"line":136,"column":null}},"62":{"start":{"line":140,"column":24},"end":{"line":152,"column":null}},"63":{"start":{"line":141,"column":21},"end":{"line":141,"column":null}},"64":{"start":{"line":141,"column":42},"end":{"line":141,"column":null}},"65":{"start":{"line":142,"column":19},"end":{"line":142,"column":44}},"66":{"start":{"line":143,"column":4},"end":{"line":146,"column":null}},"67":{"start":{"line":144,"column":6},"end":{"line":144,"column":null}},"68":{"start":{"line":145,"column":6},"end":{"line":145,"column":null}},"69":{"start":{"line":147,"column":4},"end":{"line":151,"column":null}},"70":{"start":{"line":148,"column":6},"end":{"line":148,"column":null}},"71":{"start":{"line":150,"column":6},"end":{"line":150,"column":null}},"72":{"start":{"line":154,"column":30},"end":{"line":167,"column":null}},"73":{"start":{"line":155,"column":4},"end":{"line":155,"column":null}},"74":{"start":{"line":155,"column":22},"end":{"line":155,"column":null}},"75":{"start":{"line":156,"column":4},"end":{"line":159,"column":null}},"76":{"start":{"line":157,"column":6},"end":{"line":157,"column":null}},"77":{"start":{"line":158,"column":6},"end":{"line":158,"column":null}},"78":{"start":{"line":160,"column":4},"end":{"line":166,"column":null}},"79":{"start":{"line":161,"column":6},"end":{"line":161,"column":null}},"80":{"start":{"line":163,"column":6},"end":{"line":163,"column":null}},"81":{"start":{"line":165,"column":6},"end":{"line":165,"column":null}},"82":{"start":{"line":169,"column":27},"end":{"line":173,"column":null}},"83":{"start":{"line":170,"column":4},"end":{"line":170,"column":null}},"84":{"start":{"line":171,"column":4},"end":{"line":171,"column":18}},"85":{"start":{"line":172,"column":4},"end":{"line":172,"column":null}},"86":{"start":{"line":175,"column":2},"end":{"line":175,"column":null}},"87":{"start":{"line":175,"column":16},"end":{"line":175,"column":null}},"88":{"start":{"line":178,"column":2},"end":{"line":192,"column":null}},"89":{"start":{"line":200,"column":25},"end":{"line":200,"column":null}},"90":{"start":{"line":200,"column":53},"end":{"line":200,"column":null}},"91":{"start":{"line":213,"column":14},"end":{"line":214,"column":null}},"92":{"start":{"line":215,"column":31},"end":{"line":215,"column":null}},"93":{"start":{"line":236,"column":25},"end":{"line":236,"column":null}},"94":{"start":{"line":236,"column":53},"end":{"line":236,"column":null}},"95":{"start":{"line":346,"column":12},"end":{"line":346,"column":null}},"96":{"start":{"line":347,"column":12},"end":{"line":347,"column":null}},"97":{"start":{"line":355,"column":15},"end":{"line":355,"column":null}}},"fnMap":{"0":{"name":"(anonymous_5)","decl":{"start":{"line":53,"column":52},"end":{"line":53,"column":53}},"loc":{"start":{"line":58,"column":1},"end":{"line":353,"column":null}}},"1":{"name":"(anonymous_6)","decl":{"start":{"line":89,"column":12},"end":{"line":89,"column":null}},"loc":{"start":{"line":89,"column":12},"end":{"line":91,"column":5}}},"2":{"name":"(anonymous_7)","decl":{"start":{"line":94,"column":12},"end":{"line":94,"column":null}},"loc":{"start":{"line":94,"column":12},"end":{"line":110,"column":5}}},"3":{"name":"(anonymous_8)","decl":{"start":{"line":95,"column":17},"end":{"line":95,"column":null}},"loc":{"start":{"line":95,"column":17},"end":{"line":107,"column":null}}},"4":{"name":"(anonymous_9)","decl":{"start":{"line":113,"column":12},"end":{"line":113,"column":null}},"loc":{"start":{"line":113,"column":12},"end":{"line":117,"column":5}}},"5":{"name":"(anonymous_10)","decl":{"start":{"line":119,"column":45},"end":{"line":119,"column":54}},"loc":{"start":{"line":119,"column":54},"end":{"line":119,"column":79}}},"6":{"name":"(anonymous_11)","decl":{"start":{"line":121,"column":24},"end":{"line":121,"column":25}},"loc":{"start":{"line":121,"column":42},"end":{"line":121,"column":83}}},"7":{"name":"(anonymous_12)","decl":{"start":{"line":123,"column":24},"end":{"line":123,"column":25}},"loc":{"start":{"line":123,"column":25},"end":{"line":127,"column":null}}},"8":{"name":"(anonymous_13)","decl":{"start":{"line":129,"column":28},"end":{"line":129,"column":null}},"loc":{"start":{"line":129,"column":28},"end":{"line":138,"column":null}}},"9":{"name":"(anonymous_14)","decl":{"start":{"line":134,"column":17},"end":{"line":134,"column":23}},"loc":{"start":{"line":134,"column":23},"end":{"line":134,"column":46}}},"10":{"name":"(anonymous_15)","decl":{"start":{"line":140,"column":24},"end":{"line":140,"column":null}},"loc":{"start":{"line":140,"column":24},"end":{"line":152,"column":null}}},"11":{"name":"(anonymous_16)","decl":{"start":{"line":141,"column":37},"end":{"line":141,"column":42}},"loc":{"start":{"line":141,"column":42},"end":{"line":141,"column":null}}},"12":{"name":"(anonymous_17)","decl":{"start":{"line":154,"column":30},"end":{"line":154,"column":37}},"loc":{"start":{"line":154,"column":37},"end":{"line":167,"column":null}}},"13":{"name":"(anonymous_18)","decl":{"start":{"line":169,"column":27},"end":{"line":169,"column":null}},"loc":{"start":{"line":169,"column":27},"end":{"line":173,"column":null}}},"14":{"name":"(anonymous_19)","decl":{"start":{"line":200,"column":19},"end":{"line":200,"column":25}},"loc":{"start":{"line":200,"column":25},"end":{"line":200,"column":null}}},"15":{"name":"(anonymous_20)","decl":{"start":{"line":200,"column":48},"end":{"line":200,"column":53}},"loc":{"start":{"line":200,"column":53},"end":{"line":200,"column":null}}},"16":{"name":"(anonymous_21)","decl":{"start":{"line":212,"column":34},"end":{"line":212,"column":null}},"loc":{"start":{"line":213,"column":14},"end":{"line":214,"column":null}}},"17":{"name":"(anonymous_22)","decl":{"start":{"line":215,"column":25},"end":{"line":215,"column":31}},"loc":{"start":{"line":215,"column":31},"end":{"line":215,"column":null}}},"18":{"name":"(anonymous_23)","decl":{"start":{"line":236,"column":19},"end":{"line":236,"column":25}},"loc":{"start":{"line":236,"column":25},"end":{"line":236,"column":null}}},"19":{"name":"(anonymous_24)","decl":{"start":{"line":236,"column":48},"end":{"line":236,"column":53}},"loc":{"start":{"line":236,"column":53},"end":{"line":236,"column":null}}},"20":{"name":"(anonymous_25)","decl":{"start":{"line":345,"column":19},"end":{"line":345,"column":null}},"loc":{"start":{"line":345,"column":19},"end":{"line":348,"column":null}}}},"branchMap":{"0":{"loc":{"start":{"line":54,"column":2},"end":{"line":54,"column":16}},"type":"default-arg","locations":[{"start":{"line":54,"column":14},"end":{"line":54,"column":16}}]},"1":{"loc":{"start":{"line":55,"column":2},"end":{"line":55,"column":20}},"type":"default-arg","locations":[{"start":{"line":55,"column":16},"end":{"line":55,"column":20}}]},"2":{"loc":{"start":{"line":69,"column":51},"end":{"line":69,"column":65}},"type":"binary-expr","locations":[{"start":{"line":69,"column":51},"end":{"line":69,"column":62}},{"start":{"line":69,"column":62},"end":{"line":69,"column":65}}]},"3":{"loc":{"start":{"line":96,"column":6},"end":{"line":106,"column":null}},"type":"if","locations":[{"start":{"line":96,"column":6},"end":{"line":106,"column":null}},{"start":{},"end":{}}]},"4":{"loc":{"start":{"line":96,"column":10},"end":{"line":96,"column":76}},"type":"binary-expr","locations":[{"start":{"line":96,"column":10},"end":{"line":96,"column":25}},{"start":{"line":96,"column":25},"end":{"line":96,"column":40}},{"start":{"line":96,"column":40},"end":{"line":96,"column":60}},{"start":{"line":96,"column":60},"end":{"line":96,"column":76}}]},"5":{"loc":{"start":{"line":100,"column":10},"end":{"line":102,"column":null}},"type":"if","locations":[{"start":{"line":100,"column":10},"end":{"line":102,"column":null}},{"start":{},"end":{}}]},"6":{"loc":{"start":{"line":114,"column":4},"end":{"line":116,"column":null}},"type":"if","locations":[{"start":{"line":114,"column":4},"end":{"line":116,"column":null}},{"start":{},"end":{}}]},"7":{"loc":{"start":{"line":114,"column":8},"end":{"line":114,"column":34}},"type":"binary-expr","locations":[{"start":{"line":114,"column":8},"end":{"line":114,"column":21}},{"start":{"line":114,"column":21},"end":{"line":114,"column":34}}]},"8":{"loc":{"start":{"line":119,"column":23},"end":{"line":119,"column":98}},"type":"binary-expr","locations":[{"start":{"line":119,"column":23},"end":{"line":119,"column":79}},{"start":{"line":119,"column":79},"end":{"line":119,"column":98}}]},"9":{"loc":{"start":{"line":124,"column":4},"end":{"line":124,"column":null}},"type":"if","locations":[{"start":{"line":124,"column":4},"end":{"line":124,"column":null}},{"start":{},"end":{}}]},"10":{"loc":{"start":{"line":130,"column":4},"end":{"line":130,"column":null}},"type":"if","locations":[{"start":{"line":130,"column":4},"end":{"line":130,"column":null}},{"start":{},"end":{}}]},"11":{"loc":{"start":{"line":142,"column":19},"end":{"line":142,"column":44}},"type":"binary-expr","locations":[{"start":{"line":142,"column":19},"end":{"line":142,"column":31}},{"start":{"line":142,"column":31},"end":{"line":142,"column":44}}]},"12":{"loc":{"start":{"line":143,"column":4},"end":{"line":146,"column":null}},"type":"if","locations":[{"start":{"line":143,"column":4},"end":{"line":146,"column":null}},{"start":{},"end":{}}]},"13":{"loc":{"start":{"line":155,"column":4},"end":{"line":155,"column":null}},"type":"if","locations":[{"start":{"line":155,"column":4},"end":{"line":155,"column":null}},{"start":{},"end":{}}]},"14":{"loc":{"start":{"line":156,"column":4},"end":{"line":159,"column":null}},"type":"if","locations":[{"start":{"line":156,"column":4},"end":{"line":159,"column":null}},{"start":{},"end":{}}]},"15":{"loc":{"start":{"line":175,"column":2},"end":{"line":175,"column":null}},"type":"if","locations":[{"start":{"line":175,"column":2},"end":{"line":175,"column":null}},{"start":{},"end":{}}]},"16":{"loc":{"start":{"line":178,"column":2},"end":{"line":192,"column":null}},"type":"if","locations":[{"start":{"line":178,"column":2},"end":{"line":192,"column":null}},{"start":{},"end":{}}]},"17":{"loc":{"start":{"line":187,"column":19},"end":{"line":187,"column":null}},"type":"cond-expr","locations":[{"start":{"line":187,"column":34},"end":{"line":187,"column":52}},{"start":{"line":187,"column":52},"end":{"line":187,"column":null}}]},"18":{"loc":{"start":{"line":210,"column":9},"end":{"line":210,"column":null}},"type":"binary-expr","locations":[{"start":{"line":210,"column":9},"end":{"line":210,"column":null}}]},"19":{"loc":{"start":{"line":217,"column":18},"end":{"line":217,"column":null}},"type":"cond-expr","locations":[{"start":{"line":217,"column":41},"end":{"line":217,"column":83}},{"start":{"line":217,"column":83},"end":{"line":217,"column":null}}]},"20":{"loc":{"start":{"line":224,"column":17},"end":{"line":224,"column":null}},"type":"binary-expr","locations":[{"start":{"line":224,"column":17},"end":{"line":224,"column":null}}]},"21":{"loc":{"start":{"line":240,"column":13},"end":{"line":244,"column":null}},"type":"cond-expr","locations":[{"start":{"line":241,"column":14},"end":{"line":243,"column":15}},{"start":{"line":243,"column":14},"end":{"line":244,"column":null}}]},"22":{"loc":{"start":{"line":241,"column":40},"end":{"line":241,"column":61}},"type":"binary-expr","locations":[{"start":{"line":241,"column":40},"end":{"line":241,"column":51}},{"start":{"line":241,"column":51},"end":{"line":241,"column":61}}]},"23":{"loc":{"start":{"line":245,"column":22},"end":{"line":245,"column":null}},"type":"binary-expr","locations":[{"start":{"line":245,"column":22},"end":{"line":245,"column":33}},{"start":{"line":245,"column":33},"end":{"line":245,"column":null}}]},"24":{"loc":{"start":{"line":254,"column":13},"end":{"line":254,"column":null}},"type":"binary-expr","locations":[{"start":{"line":254,"column":13},"end":{"line":254,"column":25}},{"start":{"line":254,"column":25},"end":{"line":254,"column":68}}]},"25":{"loc":{"start":{"line":254,"column":25},"end":{"line":254,"column":68}},"type":"cond-expr","locations":[{"start":{"line":254,"column":35},"end":{"line":254,"column":60}},{"start":{"line":254,"column":60},"end":{"line":254,"column":68}}]},"26":{"loc":{"start":{"line":258,"column":11},"end":{"line":258,"column":26}},"type":"binary-expr","locations":[{"start":{"line":258,"column":11},"end":{"line":258,"column":26}},{"start":{"line":258,"column":26},"end":{"line":258,"column":null}}]},"27":{"loc":{"start":{"line":265,"column":9},"end":{"line":265,"column":null}},"type":"binary-expr","locations":[{"start":{"line":265,"column":9},"end":{"line":265,"column":null}}]},"28":{"loc":{"start":{"line":270,"column":19},"end":{"line":274,"column":null}},"type":"cond-expr","locations":[{"start":{"line":271,"column":20},"end":{"line":273,"column":21}},{"start":{"line":273,"column":20},"end":{"line":274,"column":null}}]},"29":{"loc":{"start":{"line":271,"column":46},"end":{"line":271,"column":67}},"type":"binary-expr","locations":[{"start":{"line":271,"column":46},"end":{"line":271,"column":57}},{"start":{"line":271,"column":57},"end":{"line":271,"column":67}}]},"30":{"loc":{"start":{"line":275,"column":28},"end":{"line":275,"column":null}},"type":"binary-expr","locations":[{"start":{"line":275,"column":28},"end":{"line":275,"column":39}},{"start":{"line":275,"column":39},"end":{"line":275,"column":null}}]},"31":{"loc":{"start":{"line":285,"column":21},"end":{"line":285,"column":null}},"type":"binary-expr","locations":[{"start":{"line":285,"column":21},"end":{"line":285,"column":32}},{"start":{"line":285,"column":32},"end":{"line":285,"column":null}}]},"32":{"loc":{"start":{"line":285,"column":46},"end":{"line":285,"column":null}},"type":"binary-expr","locations":[{"start":{"line":285,"column":46},"end":{"line":285,"column":57}},{"start":{"line":285,"column":57},"end":{"line":285,"column":null}}]},"33":{"loc":{"start":{"line":289,"column":19},"end":{"line":289,"column":null}},"type":"binary-expr","locations":[{"start":{"line":289,"column":19},"end":{"line":289,"column":null}}]},"34":{"loc":{"start":{"line":292,"column":24},"end":{"line":297,"column":null}},"type":"cond-expr","locations":[{"start":{"line":292,"column":24},"end":{"line":297,"column":null}}]},"35":{"loc":{"start":{"line":319,"column":20},"end":{"line":321,"column":null}},"type":"cond-expr","locations":[{"start":{"line":320,"column":24},"end":{"line":320,"column":null}},{"start":{"line":321,"column":24},"end":{"line":321,"column":null}}]},"36":{"loc":{"start":{"line":325,"column":25},"end":{"line":325,"column":null}},"type":"cond-expr","locations":[{"start":{"line":325,"column":39},"end":{"line":325,"column":51}},{"start":{"line":325,"column":51},"end":{"line":325,"column":null}}]},"37":{"loc":{"start":{"line":342,"column":8},"end":{"line":342,"column":31}},"type":"binary-expr","locations":[{"start":{"line":342,"column":8},"end":{"line":342,"column":31}},{"start":{"line":342,"column":31},"end":{"line":342,"column":49}}]}},"s":{"0":1,"1":1,"2":1,"3":1,"4":1,"5":1,"6":1,"7":1,"8":1,"9":1,"10":2,"11":2,"12":2,"13":2,"14":2,"15":2,"16":2,"17":2,"18":2,"19":2,"20":2,"21":2,"22":2,"23":2,"24":2,"25":2,"26":2,"27":2,"28":2,"29":2,"30":1,"31":2,"32":1,"33":1,"34":0,"35":0,"36":0,"37":0,"38":0,"39":0,"40":1,"41":2,"42":1,"43":0,"44":2,"45":2,"46":2,"47":0,"48":2,"49":0,"50":0,"51":0,"52":0,"53":2,"54":0,"55":0,"56":0,"57":0,"58":0,"59":0,"60":0,"61":0,"62":2,"63":0,"64":0,"65":0,"66":0,"67":0,"68":0,"69":0,"70":0,"71":0,"72":2,"73":0,"74":0,"75":0,"76":0,"77":0,"78":0,"79":0,"80":0,"81":0,"82":2,"83":0,"84":0,"85":0,"86":2,"87":1,"88":1,"89":0,"90":0,"91":0,"92":0,"93":0,"94":0,"95":0,"96":0,"97":1},"f":{"0":2,"1":1,"2":1,"3":1,"4":1,"5":2,"6":0,"7":0,"8":0,"9":0,"10":0,"11":0,"12":0,"13":0,"14":0,"15":0,"16":0,"17":0,"18":0,"19":0,"20":0},"b":{"0":[2],"1":[2],"2":[2,2],"3":[0,1],"4":[1,0,0,0],"5":[0,0],"6":[0,1],"7":[1,0],"8":[2,0],"9":[0,0],"10":[0,0],"11":[0,0],"12":[0,0],"13":[0,0],"14":[0,0],"15":[1,1],"16":[1,0],"17":[0,1],"18":[0],"19":[0,0],"20":[0],"21":[0,0],"22":[0,0],"23":[0,0],"24":[0,0],"25":[0,0],"26":[0,0],"27":[0],"28":[0,0],"29":[0,0],"30":[0,0],"31":[0,0],"32":[0,0],"33":[0],"34":[0],"35":[0,0],"36":[0,0],"37":[0,0]}}
,"/Users/mac/Desktop/作业/代码/第六周周六9.6作业-自己搭建SPA/red-packet-spa-web/src/hooks/useAuth.ts": {"path":"/Users/mac/Desktop/作业/代码/第六周周六9.6作业-自己搭建SPA/red-packet-spa-web/src/hooks/useAuth.ts","statementMap":{"0":{"start":{"line":30,"column":16},"end":{"line":30,"column":null}},"1":{"start":{"line":1,"column":38},"end":{"line":1,"column":null}},"2":{"start":{"line":2,"column":43},"end":{"line":2,"column":null}},"3":{"start":{"line":3,"column":18},"end":{"line":3,"column":null}},"4":{"start":{"line":5,"column":21},"end":{"line":5,"column":null}},"5":{"start":{"line":6,"column":18},"end":{"line":6,"column":null}},"6":{"start":{"line":31,"column":35},"end":{"line":31,"column":null}},"7":{"start":{"line":32,"column":31},"end":{"line":32,"column":null}},"8":{"start":{"line":34,"column":36},"end":{"line":40,"column":null}},"9":{"start":{"line":45,"column":16},"end":{"line":112,"column":null}},"10":{"start":{"line":46,"column":4},"end":{"line":52,"column":null}},"11":{"start":{"line":47,"column":6},"end":{"line":50,"column":null}},"12":{"start":{"line":47,"column":28},"end":{"line":50,"column":null}},"13":{"start":{"line":51,"column":6},"end":{"line":51,"column":null}},"14":{"start":{"line":54,"column":4},"end":{"line":56,"column":null}},"15":{"start":{"line":55,"column":6},"end":{"line":55,"column":null}},"16":{"start":{"line":58,"column":4},"end":{"line":62,"column":null}},"17":{"start":{"line":58,"column":26},"end":{"line":62,"column":null}},"18":{"start":{"line":64,"column":4},"end":{"line":111,"column":null}},"19":{"start":{"line":66,"column":28},"end":{"line":68,"column":null}},"20":{"start":{"line":70,"column":37},"end":{"line":70,"column":55}},"21":{"start":{"line":71,"column":6},"end":{"line":71,"column":null}},"22":{"start":{"line":74,"column":24},"end":{"line":74,"column":null}},"23":{"start":{"line":76,"column":6},"end":{"line":76,"column":null}},"24":{"start":{"line":79,"column":29},"end":{"line":83,"column":null}},"25":{"start":{"line":85,"column":6},"end":{"line":98,"column":null}},"26":{"start":{"line":87,"column":8},"end":{"line":87,"column":null}},"27":{"start":{"line":89,"column":8},"end":{"line":95,"column":null}},"28":{"start":{"line":97,"column":8},"end":{"line":97,"column":null}},"29":{"start":{"line":100,"column":6},"end":{"line":100,"column":null}},"30":{"start":{"line":102,"column":27},"end":{"line":102,"column":null}},"31":{"start":{"line":104,"column":6},"end":{"line":108,"column":null}},"32":{"start":{"line":104,"column":28},"end":{"line":108,"column":null}},"33":{"start":{"line":110,"column":6},"end":{"line":110,"column":null}},"34":{"start":{"line":117,"column":17},"end":{"line":126,"column":null}},"35":{"start":{"line":118,"column":4},"end":{"line":118,"column":null}},"36":{"start":{"line":119,"column":4},"end":{"line":125,"column":null}},"37":{"start":{"line":131,"column":22},"end":{"line":165,"column":null}},"38":{"start":{"line":132,"column":18},"end":{"line":132,"column":null}},"39":{"start":{"line":134,"column":4},"end":{"line":140,"column":null}},"40":{"start":{"line":135,"column":6},"end":{"line":138,"column":null}},"41":{"start":{"line":135,"column":28},"end":{"line":138,"column":null}},"42":{"start":{"line":139,"column":6},"end":{"line":139,"column":null}},"43":{"start":{"line":142,"column":4},"end":{"line":164,"column":null}},"44":{"start":{"line":143,"column":23},"end":{"line":147,"column":null}},"45":{"start":{"line":149,"column":6},"end":{"line":153,"column":null}},"46":{"start":{"line":149,"column":28},"end":{"line":153,"column":null}},"47":{"start":{"line":155,"column":6},"end":{"line":155,"column":null}},"48":{"start":{"line":157,"column":6},"end":{"line":157,"column":null}},"49":{"start":{"line":158,"column":6},"end":{"line":158,"column":null}},"50":{"start":{"line":159,"column":6},"end":{"line":162,"column":null}},"51":{"start":{"line":159,"column":28},"end":{"line":162,"column":null}},"52":{"start":{"line":163,"column":6},"end":{"line":163,"column":null}},"53":{"start":{"line":170,"column":23},"end":{"line":181,"column":null}},"54":{"start":{"line":171,"column":18},"end":{"line":171,"column":null}},"55":{"start":{"line":173,"column":4},"end":{"line":180,"column":null}},"56":{"start":{"line":183,"column":2},"end":{"line":195,"column":null}},"57":{"start":{"line":200,"column":2},"end":{"line":204,"column":null}},"58":{"start":{"line":201,"column":4},"end":{"line":201,"column":null}},"59":{"start":{"line":203,"column":4},"end":{"line":203,"column":null}},"60":{"start":{"line":208,"column":2},"end":{"line":212,"column":null}},"61":{"start":{"line":209,"column":4},"end":{"line":209,"column":null}},"62":{"start":{"line":211,"column":4},"end":{"line":211,"column":null}},"63":{"start":{"line":216,"column":2},"end":{"line":220,"column":null}},"64":{"start":{"line":217,"column":4},"end":{"line":217,"column":null}},"65":{"start":{"line":219,"column":4},"end":{"line":219,"column":null}},"66":{"start":{"line":224,"column":22},"end":{"line":224,"column":null}},"67":{"start":{"line":225,"column":2},"end":{"line":229,"column":null}},"68":{"start":{"line":226,"column":26},"end":{"line":226,"column":null}},"69":{"start":{"line":227,"column":4},"end":{"line":227,"column":null}},"70":{"start":{"line":228,"column":4},"end":{"line":228,"column":null}},"71":{"start":{"line":230,"column":2},"end":{"line":230,"column":null}}},"fnMap":{"0":{"name":"useAuth","decl":{"start":{"line":30,"column":16},"end":{"line":30,"column":null}},"loc":{"start":{"line":30,"column":16},"end":{"line":196,"column":null}}},"1":{"name":"(anonymous_3)","decl":{"start":{"line":45,"column":28},"end":{"line":45,"column":null}},"loc":{"start":{"line":45,"column":28},"end":{"line":112,"column":5}}},"2":{"name":"(anonymous_4)","decl":{"start":{"line":47,"column":19},"end":{"line":47,"column":28}},"loc":{"start":{"line":47,"column":28},"end":{"line":50,"column":null}}},"3":{"name":"(anonymous_5)","decl":{"start":{"line":58,"column":17},"end":{"line":58,"column":26}},"loc":{"start":{"line":58,"column":26},"end":{"line":62,"column":null}}},"4":{"name":"(anonymous_6)","decl":{"start":{"line":104,"column":19},"end":{"line":104,"column":28}},"loc":{"start":{"line":104,"column":28},"end":{"line":108,"column":null}}},"5":{"name":"(anonymous_7)","decl":{"start":{"line":117,"column":29},"end":{"line":117,"column":null}},"loc":{"start":{"line":117,"column":29},"end":{"line":126,"column":5}}},"6":{"name":"(anonymous_8)","decl":{"start":{"line":131,"column":34},"end":{"line":131,"column":null}},"loc":{"start":{"line":131,"column":34},"end":{"line":165,"column":5}}},"7":{"name":"(anonymous_9)","decl":{"start":{"line":135,"column":19},"end":{"line":135,"column":28}},"loc":{"start":{"line":135,"column":28},"end":{"line":138,"column":null}}},"8":{"name":"(anonymous_10)","decl":{"start":{"line":149,"column":19},"end":{"line":149,"column":28}},"loc":{"start":{"line":149,"column":28},"end":{"line":153,"column":null}}},"9":{"name":"(anonymous_11)","decl":{"start":{"line":159,"column":19},"end":{"line":159,"column":28}},"loc":{"start":{"line":159,"column":28},"end":{"line":162,"column":null}}},"10":{"name":"(anonymous_12)","decl":{"start":{"line":170,"column":35},"end":{"line":170,"column":null}},"loc":{"start":{"line":170,"column":35},"end":{"line":181,"column":5}}},"11":{"name":"getStoredToken","decl":{"start":{"line":199,"column":9},"end":{"line":199,"column":null}},"loc":{"start":{"line":199,"column":9},"end":{"line":205,"column":null}}},"12":{"name":"storeToken","decl":{"start":{"line":207,"column":9},"end":{"line":207,"column":20}},"loc":{"start":{"line":207,"column":33},"end":{"line":213,"column":null}}},"13":{"name":"removeToken","decl":{"start":{"line":215,"column":9},"end":{"line":215,"column":null}},"loc":{"start":{"line":215,"column":9},"end":{"line":221,"column":null}}},"14":{"name":"isTokenExpires","decl":{"start":{"line":223,"column":9},"end":{"line":223,"column":null}},"loc":{"start":{"line":223,"column":9},"end":{"line":231,"column":null}}}},"branchMap":{"0":{"loc":{"start":{"line":46,"column":4},"end":{"line":52,"column":null}},"type":"if","locations":[{"start":{"line":46,"column":4},"end":{"line":52,"column":null}},{"start":{},"end":{}}]},"1":{"loc":{"start":{"line":46,"column":8},"end":{"line":46,"column":34}},"type":"binary-expr","locations":[{"start":{"line":46,"column":8},"end":{"line":46,"column":24}},{"start":{"line":46,"column":24},"end":{"line":46,"column":34}}]},"2":{"loc":{"start":{"line":54,"column":4},"end":{"line":56,"column":null}},"type":"if","locations":[{"start":{"line":54,"column":4},"end":{"line":56,"column":null}},{"start":{},"end":{}}]},"3":{"loc":{"start":{"line":85,"column":6},"end":{"line":98,"column":null}},"type":"if","locations":[{"start":{"line":85,"column":6},"end":{"line":98,"column":null}},{"start":{},"end":{}}]},"4":{"loc":{"start":{"line":102,"column":27},"end":{"line":102,"column":null}},"type":"binary-expr","locations":[{"start":{"line":102,"column":27},"end":{"line":102,"column":58}},{"start":{"line":102,"column":58},"end":{"line":102,"column":71}},{"start":{"line":102,"column":75},"end":{"line":102,"column":null}}]},"5":{"loc":{"start":{"line":134,"column":4},"end":{"line":140,"column":null}},"type":"if","locations":[{"start":{"line":134,"column":4},"end":{"line":140,"column":null}},{"start":{},"end":{}}]},"6":{"loc":{"start":{"line":175,"column":15},"end":{"line":179,"column":null}},"type":"cond-expr","locations":[{"start":{"line":176,"column":10},"end":{"line":178,"column":null}},{"start":{"line":179,"column":10},"end":{"line":179,"column":null}}]},"7":{"loc":{"start":{"line":225,"column":2},"end":{"line":229,"column":null}},"type":"if","locations":[{"start":{"line":225,"column":2},"end":{"line":229,"column":null}},{"start":{},"end":{}}]}},"s":{"0":1,"1":1,"2":1,"3":1,"4":1,"5":1,"6":0,"7":0,"8":0,"9":0,"10":0,"11":0,"12":0,"13":0,"14":0,"15":0,"16":0,"17":0,"18":0,"19":0,"20":0,"21":0,"22":0,"23":0,"24":0,"25":0,"26":0,"27":0,"28":0,"29":0,"30":0,"31":0,"32":0,"33":0,"34":0,"35":0,"36":0,"37":0,"38":0,"39":0,"40":0,"41":0,"42":0,"43":0,"44":0,"45":0,"46":0,"47":0,"48":0,"49":0,"50":0,"51":0,"52":0,"53":0,"54":0,"55":0,"56":0,"57":0,"58":0,"59":0,"60":0,"61":0,"62":0,"63":0,"64":0,"65":0,"66":0,"67":0,"68":0,"69":0,"70":0,"71":0},"f":{"0":0,"1":0,"2":0,"3":0,"4":0,"5":0,"6":0,"7":0,"8":0,"9":0,"10":0,"11":0,"12":0,"13":0,"14":0},"b":{"0":[0,0],"1":[0,0],"2":[0,0],"3":[0,0],"4":[0,0,0],"5":[0,0],"6":[0,0],"7":[0,0]}}
}
