TN:
SF:src/components/WalletConnect.tsx
FN:53,(anonymous_5)
FN:89,(anonymous_6)
FN:94,(anonymous_7)
FN:95,(anonymous_8)
FN:113,(anonymous_9)
FN:119,(anonymous_10)
FN:121,(anonymous_11)
FN:123,(anonymous_12)
FN:129,(anonymous_13)
FN:134,(anonymous_14)
FN:140,(anonymous_15)
FN:141,(anonymous_16)
FN:154,(anonymous_17)
FN:169,(anonymous_18)
FN:200,(anonymous_19)
FN:200,(anonymous_20)
FN:212,(anonymous_21)
FN:215,(anonymous_22)
FN:236,(anonymous_23)
FN:236,(anonymous_24)
FN:345,(anonymous_25)
FNF:21
FNH:6
FNDA:2,(anonymous_5)
FNDA:1,(anonymous_6)
FNDA:1,(anonymous_7)
FNDA:1,(anonymous_8)
FNDA:1,(anonymous_9)
FNDA:2,(anonymous_10)
FNDA:0,(anonymous_11)
FNDA:0,(anonymous_12)
FNDA:0,(anonymous_13)
FNDA:0,(anonymous_14)
FNDA:0,(anonymous_15)
FNDA:0,(anonymous_16)
FNDA:0,(anonymous_17)
FNDA:0,(anonymous_18)
FNDA:0,(anonymous_19)
FNDA:0,(anonymous_20)
FNDA:0,(anonymous_21)
FNDA:0,(anonymous_22)
FNDA:0,(anonymous_23)
FNDA:0,(anonymous_24)
FNDA:0,(anonymous_25)
DA:1,1
DA:11,1
DA:18,1
DA:19,1
DA:20,1
DA:21,1
DA:22,1
DA:38,1
DA:53,1
DA:59,2
DA:60,2
DA:61,2
DA:62,2
DA:64,2
DA:65,2
DA:66,2
DA:67,2
DA:68,2
DA:69,2
DA:70,2
DA:71,2
DA:72,2
DA:73,2
DA:82,2
DA:84,2
DA:85,2
DA:86,2
DA:87,2
DA:89,2
DA:90,1
DA:94,2
DA:95,1
DA:96,1
DA:97,0
DA:98,0
DA:99,0
DA:100,0
DA:101,0
DA:104,0
DA:109,1
DA:113,2
DA:114,1
DA:115,0
DA:119,2
DA:121,2
DA:123,2
DA:124,0
DA:125,0
DA:126,0
DA:129,2
DA:130,0
DA:131,0
DA:132,0
DA:133,0
DA:134,0
DA:136,0
DA:140,2
DA:141,0
DA:142,0
DA:143,0
DA:144,0
DA:145,0
DA:147,0
DA:148,0
DA:150,0
DA:154,2
DA:155,0
DA:156,0
DA:157,0
DA:158,0
DA:160,0
DA:161,0
DA:163,0
DA:165,0
DA:169,2
DA:170,0
DA:171,0
DA:172,0
DA:175,2
DA:178,1
DA:200,0
DA:213,0
DA:215,0
DA:236,0
DA:346,0
DA:347,0
DA:355,1
LF:87
LH:46
BRDA:54,0,0,2
BRDA:55,1,0,2
BRDA:69,2,0,2
BRDA:69,2,1,2
BRDA:96,3,0,0
BRDA:96,3,1,1
BRDA:96,4,0,1
BRDA:96,4,1,0
BRDA:96,4,2,0
BRDA:96,4,3,0
BRDA:100,5,0,0
BRDA:100,5,1,0
BRDA:114,6,0,0
BRDA:114,6,1,1
BRDA:114,7,0,1
BRDA:114,7,1,0
BRDA:119,8,0,2
BRDA:119,8,1,0
BRDA:124,9,0,0
BRDA:124,9,1,0
BRDA:130,10,0,0
BRDA:130,10,1,0
BRDA:142,11,0,0
BRDA:142,11,1,0
BRDA:143,12,0,0
BRDA:143,12,1,0
BRDA:155,13,0,0
BRDA:155,13,1,0
BRDA:156,14,0,0
BRDA:156,14,1,0
BRDA:175,15,0,1
BRDA:175,15,1,1
BRDA:178,16,0,1
BRDA:178,16,1,0
BRDA:187,17,0,0
BRDA:187,17,1,1
BRDA:210,18,0,0
BRDA:217,19,0,0
BRDA:217,19,1,0
BRDA:224,20,0,0
BRDA:240,21,0,0
BRDA:240,21,1,0
BRDA:241,22,0,0
BRDA:241,22,1,0
BRDA:245,23,0,0
BRDA:245,23,1,0
BRDA:254,24,0,0
BRDA:254,24,1,0
BRDA:254,25,0,0
BRDA:254,25,1,0
BRDA:258,26,0,0
BRDA:258,26,1,0
BRDA:265,27,0,0
BRDA:270,28,0,0
BRDA:270,28,1,0
BRDA:271,29,0,0
BRDA:271,29,1,0
BRDA:275,30,0,0
BRDA:275,30,1,0
BRDA:285,31,0,0
BRDA:285,31,1,0
BRDA:285,32,0,0
BRDA:285,32,1,0
BRDA:289,33,0,0
BRDA:292,34,0,0
BRDA:319,35,0,0
BRDA:319,35,1,0
BRDA:325,36,0,0
BRDA:325,36,1,0
BRDA:342,37,0,0
BRDA:342,37,1,0
BRF:71
BRH:13
end_of_record
TN:
SF:src/hooks/useAuth.ts
FN:30,useAuth
FN:45,(anonymous_3)
FN:47,(anonymous_4)
FN:58,(anonymous_5)
FN:104,(anonymous_6)
FN:117,(anonymous_7)
FN:131,(anonymous_8)
FN:135,(anonymous_9)
FN:149,(anonymous_10)
FN:159,(anonymous_11)
FN:170,(anonymous_12)
FN:199,getStoredToken
FN:207,storeToken
FN:215,removeToken
FN:223,isTokenExpires
FNF:15
FNH:0
FNDA:0,useAuth
FNDA:0,(anonymous_3)
FNDA:0,(anonymous_4)
FNDA:0,(anonymous_5)
FNDA:0,(anonymous_6)
FNDA:0,(anonymous_7)
FNDA:0,(anonymous_8)
FNDA:0,(anonymous_9)
FNDA:0,(anonymous_10)
FNDA:0,(anonymous_11)
FNDA:0,(anonymous_12)
FNDA:0,getStoredToken
FNDA:0,storeToken
FNDA:0,removeToken
FNDA:0,isTokenExpires
DA:1,1
DA:2,1
DA:3,1
DA:5,1
DA:6,1
DA:30,1
DA:31,0
DA:32,0
DA:34,0
DA:45,0
DA:46,0
DA:47,0
DA:51,0
DA:54,0
DA:55,0
DA:58,0
DA:64,0
DA:66,0
DA:70,0
DA:71,0
DA:74,0
DA:76,0
DA:79,0
DA:85,0
DA:87,0
DA:89,0
DA:97,0
DA:100,0
DA:102,0
DA:104,0
DA:110,0
DA:117,0
DA:118,0
DA:119,0
DA:131,0
DA:132,0
DA:134,0
DA:135,0
DA:139,0
DA:142,0
DA:143,0
DA:149,0
DA:155,0
DA:157,0
DA:158,0
DA:159,0
DA:163,0
DA:170,0
DA:171,0
DA:173,0
DA:183,0
DA:200,0
DA:201,0
DA:203,0
DA:208,0
DA:209,0
DA:211,0
DA:216,0
DA:217,0
DA:219,0
DA:224,0
DA:225,0
DA:226,0
DA:227,0
DA:228,0
DA:230,0
LF:66
LH:6
BRDA:46,0,0,0
BRDA:46,0,1,0
BRDA:46,1,0,0
BRDA:46,1,1,0
BRDA:54,2,0,0
BRDA:54,2,1,0
BRDA:85,3,0,0
BRDA:85,3,1,0
BRDA:102,4,0,0
BRDA:102,4,1,0
BRDA:102,4,2,0
BRDA:134,5,0,0
BRDA:134,5,1,0
BRDA:175,6,0,0
BRDA:175,6,1,0
BRDA:225,7,0,0
BRDA:225,7,1,0
BRF:17
BRH:0
end_of_record
