{
  "numFailedTestSuites": 0,
  "numFailedTests": 0,
  "numPassedTestSuites": 1,
  "numPassedTests": 1,
  "numPendingTestSuites": 0,
  "numPendingTests": 0,
  "numRuntimeErrorTestSuites": 0,
  "numTodoTests": 0,
  "numTotalTestSuites": 1,
  "numTotalTests": 1,
  "openHandles": [],
  "snapshot": {
    "added": 0,
    "didUpdate": false,
    "failure": false,
    "filesAdded": 0,
    "filesRemoved": 0,
    "filesRemovedList": [],
    "filesUnmatched": 0,
    "filesUpdated": 0,
    "matched": 0,
    "total": 0,
    "unchecked": 0,
    "uncheckedKeysByFile": [],
    "unmatched": 0,
    "updated": 0
  },
  "startTime": 1759630410887,
  "success": false,
  "testResults": [
    {
      "leaks": false,
      "numFailingTests": 0,
      "numPassingTests": 1,
      "numPendingTests": 0,
      "numTodoTests": 0,
      "openHandles": [],
      "perfStats": {
        "end": 1759630412880,
        "loadTestEnvironmentEnd": 1759630411808,
        "loadTestEnvironmentStart": 1759630410977,
        "runtime": 1070,
        "setupAfterEnvEnd": 1759630412011,
        "setupAfterEnvStart": 1759630412008,
        "setupFilesEnd": 1759630411810,
        "setupFilesStart": 1759630411810,
        "slow": false,
        "start": 1759630411810
      },
      "skipped": false,
      "snapshot": {
        "added": 0,
        "fileDeleted": false,
        "matched": 0,
        "unchecked": 0,
        "uncheckedKeys": [],
        "unmatched": 0,
        "updated": 0
      },
      "testFilePath": "/Users/mac/Desktop/作业/代码/第六周周六9.6作业-自己搭建SPA/red-packet-spa-web/tests/unit/wallet-connect.spec.tsx",
      "testResults": [
        {
          "ancestorTitles": [
            "WalletConnect - 基础测试"
          ],
          "duration": 162,
          "failing": false,
          "failureDetails": [],
          "failureMessages": [],
          "fullName": "WalletConnect - 基础测试 应该显示 Connect Wallet 按钮当钱包未连接时",
          "invocations": 1,
          "location": null,
          "numPassingAsserts": 2,
          "retryReasons": [],
          "startAt": 1759630412715,
          "status": "passed",
          "title": "应该显示 Connect Wallet 按钮当钱包未连接时"
        }
      ],
      "failureMessage": null
    }
  ],
  "wasInterrupted": false
}